{"P:\\Keploy\\API\\UnifiedLibraryAPI\\index.js": {"path":"P:\\Keploy\\API\\UnifiedLibraryAPI\\index.js","statementMap":{"0":{"start":{"line":1,"column":16},"end":{"line":1,"column":34}},"1":{"start":{"line":2,"column":11},"end":{"line":2,"column":24}},"2":{"start":{"line":3,"column":13},"end":{"line":3,"column":28}},"3":{"start":{"line":4,"column":12},"end":{"line":4,"column":21}},"4":{"start":{"line":5,"column":13},"end":{"line":5,"column":17}},"5":{"start":{"line":7,"column":18},"end":{"line":7,"column":29}},"6":{"start":{"line":10,"column":0},"end":{"line":12,"column":1}},"7":{"start":{"line":11,"column":2},"end":{"line":11,"column":59}},"8":{"start":{"line":15,"column":0},"end":{"line":15,"column":46}},"9":{"start":{"line":16,"column":0},"end":{"line":16,"column":24}},"10":{"start":{"line":19,"column":19},"end":{"line":19,"column":63}},"11":{"start":{"line":19,"column":25},"end":{"line":19,"column":63}},"12":{"start":{"line":20,"column":20},"end":{"line":20,"column":88}},"13":{"start":{"line":20,"column":30},"end":{"line":20,"column":88}},"14":{"start":{"line":23,"column":0},"end":{"line":28,"column":3}},"15":{"start":{"line":24,"column":2},"end":{"line":27,"column":5}},"16":{"start":{"line":31,"column":0},"end":{"line":45,"column":3}},"17":{"start":{"line":32,"column":2},"end":{"line":44,"column":3}},"18":{"start":{"line":33,"column":28},"end":{"line":33,"column":38}},"19":{"start":{"line":34,"column":20},"end":{"line":34,"column":32}},"20":{"start":{"line":36,"column":4},"end":{"line":38,"column":5}},"21":{"start":{"line":37,"column":6},"end":{"line":37,"column":62}},"22":{"start":{"line":40,"column":4},"end":{"line":40,"column":35}},"23":{"start":{"line":42,"column":4},"end":{"line":42,"column":23}},"24":{"start":{"line":43,"column":4},"end":{"line":43,"column":41}},"25":{"start":{"line":48,"column":0},"end":{"line":70,"column":3}},"26":{"start":{"line":49,"column":2},"end":{"line":69,"column":3}},"27":{"start":{"line":50,"column":28},"end":{"line":50,"column":38}},"28":{"start":{"line":51,"column":20},"end":{"line":51,"column":28}},"29":{"start":{"line":53,"column":4},"end":{"line":55,"column":5}},"30":{"start":{"line":54,"column":6},"end":{"line":54,"column":67}},"31":{"start":{"line":57,"column":20},"end":{"line":57,"column":32}},"32":{"start":{"line":58,"column":4},"end":{"line":58,"column":43}},"33":{"start":{"line":58,"column":24},"end":{"line":58,"column":43}},"34":{"start":{"line":59,"column":4},"end":{"line":59,"column":57}},"35":{"start":{"line":59,"column":31},"end":{"line":59,"column":57}},"36":{"start":{"line":61,"column":4},"end":{"line":61,"column":28}},"37":{"start":{"line":62,"column":4},"end":{"line":62,"column":39}},"38":{"start":{"line":64,"column":4},"end":{"line":64,"column":25}},"39":{"start":{"line":65,"column":4},"end":{"line":65,"column":34}},"40":{"start":{"line":67,"column":4},"end":{"line":67,"column":23}},"41":{"start":{"line":68,"column":4},"end":{"line":68,"column":41}},"42":{"start":{"line":73,"column":0},"end":{"line":95,"column":3}},"43":{"start":{"line":74,"column":2},"end":{"line":94,"column":3}},"44":{"start":{"line":75,"column":32},"end":{"line":75,"column":42}},"45":{"start":{"line":76,"column":20},"end":{"line":76,"column":32}},"46":{"start":{"line":78,"column":4},"end":{"line":80,"column":5}},"47":{"start":{"line":79,"column":6},"end":{"line":79,"column":62}},"48":{"start":{"line":82,"column":27},"end":{"line":82,"column":54}},"49":{"start":{"line":83,"column":4},"end":{"line":83,"column":87}},"50":{"start":{"line":83,"column":63},"end":{"line":83,"column":85}},"51":{"start":{"line":85,"column":4},"end":{"line":87,"column":5}},"52":{"start":{"line":86,"column":6},"end":{"line":86,"column":53}},"53":{"start":{"line":89,"column":4},"end":{"line":89,"column":25}},"54":{"start":{"line":90,"column":4},"end":{"line":90,"column":30}},"55":{"start":{"line":92,"column":4},"end":{"line":92,"column":23}},"56":{"start":{"line":93,"column":4},"end":{"line":93,"column":41}},"57":{"start":{"line":98,"column":0},"end":{"line":102,"column":1}},"58":{"start":{"line":99,"column":2},"end":{"line":101,"column":5}},"59":{"start":{"line":100,"column":4},"end":{"line":100,"column":78}},"60":{"start":{"line":104,"column":0},"end":{"line":104,"column":21}}},"fnMap":{"0":{"name":"(anonymous_0)","decl":{"start":{"line":19,"column":19},"end":{"line":19,"column":20}},"loc":{"start":{"line":19,"column":25},"end":{"line":19,"column":63}},"line":19},"1":{"name":"(anonymous_1)","decl":{"start":{"line":20,"column":20},"end":{"line":20,"column":21}},"loc":{"start":{"line":20,"column":30},"end":{"line":20,"column":88}},"line":20},"2":{"name":"(anonymous_2)","decl":{"start":{"line":23,"column":13},"end":{"line":23,"column":14}},"loc":{"start":{"line":23,"column":27},"end":{"line":28,"column":1}},"line":23},"3":{"name":"(anonymous_3)","decl":{"start":{"line":31,"column":25},"end":{"line":31,"column":26}},"loc":{"start":{"line":31,"column":39},"end":{"line":45,"column":1}},"line":31},"4":{"name":"(anonymous_4)","decl":{"start":{"line":48,"column":26},"end":{"line":48,"column":27}},"loc":{"start":{"line":48,"column":40},"end":{"line":70,"column":1}},"line":48},"5":{"name":"(anonymous_5)","decl":{"start":{"line":73,"column":32},"end":{"line":73,"column":33}},"loc":{"start":{"line":73,"column":46},"end":{"line":95,"column":1}},"line":73},"6":{"name":"(anonymous_6)","decl":{"start":{"line":83,"column":55},"end":{"line":83,"column":56}},"loc":{"start":{"line":83,"column":63},"end":{"line":83,"column":85}},"line":83},"7":{"name":"(anonymous_7)","decl":{"start":{"line":99,"column":19},"end":{"line":99,"column":20}},"loc":{"start":{"line":99,"column":25},"end":{"line":101,"column":3}},"line":99}},"branchMap":{"0":{"loc":{"start":{"line":10,"column":0},"end":{"line":12,"column":1}},"type":"if","locations":[{"start":{"line":10,"column":0},"end":{"line":12,"column":1}},{"start":{},"end":{}}],"line":10},"1":{"loc":{"start":{"line":36,"column":4},"end":{"line":38,"column":5}},"type":"if","locations":[{"start":{"line":36,"column":4},"end":{"line":38,"column":5}},{"start":{},"end":{}}],"line":36},"2":{"loc":{"start":{"line":36,"column":8},"end":{"line":36,"column":47}},"type":"binary-expr","locations":[{"start":{"line":36,"column":8},"end":{"line":36,"column":22}},{"start":{"line":36,"column":26},"end":{"line":36,"column":47}}],"line":36},"3":{"loc":{"start":{"line":53,"column":4},"end":{"line":55,"column":5}},"type":"if","locations":[{"start":{"line":53,"column":4},"end":{"line":55,"column":5}},{"start":{},"end":{}}],"line":53},"4":{"loc":{"start":{"line":58,"column":4},"end":{"line":58,"column":43}},"type":"if","locations":[{"start":{"line":58,"column":4},"end":{"line":58,"column":43}},{"start":{},"end":{}}],"line":58},"5":{"loc":{"start":{"line":59,"column":4},"end":{"line":59,"column":57}},"type":"if","locations":[{"start":{"line":59,"column":4},"end":{"line":59,"column":57}},{"start":{},"end":{}}],"line":59},"6":{"loc":{"start":{"line":78,"column":4},"end":{"line":80,"column":5}},"type":"if","locations":[{"start":{"line":78,"column":4},"end":{"line":80,"column":5}},{"start":{},"end":{}}],"line":78},"7":{"loc":{"start":{"line":78,"column":8},"end":{"line":78,"column":47}},"type":"binary-expr","locations":[{"start":{"line":78,"column":8},"end":{"line":78,"column":22}},{"start":{"line":78,"column":26},"end":{"line":78,"column":47}}],"line":78},"8":{"loc":{"start":{"line":85,"column":4},"end":{"line":87,"column":5}},"type":"if","locations":[{"start":{"line":85,"column":4},"end":{"line":87,"column":5}},{"start":{},"end":{}}],"line":85},"9":{"loc":{"start":{"line":98,"column":0},"end":{"line":102,"column":1}},"type":"if","locations":[{"start":{"line":98,"column":0},"end":{"line":102,"column":1}},{"start":{},"end":{}}],"line":98}},"s":{"0":1,"1":1,"2":1,"3":1,"4":1,"5":1,"6":1,"7":0,"8":1,"9":1,"10":1,"11":6,"12":1,"13":3,"14":1,"15":1,"16":1,"17":2,"18":2,"19":2,"20":2,"21":1,"22":1,"23":0,"24":0,"25":1,"26":3,"27":3,"28":3,"29":3,"30":1,"31":2,"32":2,"33":0,"34":2,"35":0,"36":2,"37":2,"38":2,"39":2,"40":0,"41":0,"42":1,"43":2,"44":2,"45":2,"46":2,"47":0,"48":2,"49":2,"50":7,"51":2,"52":1,"53":1,"54":1,"55":0,"56":0,"57":1,"58":0,"59":0,"60":1},"f":{"0":6,"1":3,"2":1,"3":2,"4":3,"5":2,"6":7,"7":0},"b":{"0":[0,1],"1":[1,1],"2":[2,1],"3":[1,2],"4":[0,2],"5":[0,2],"6":[0,2],"7":[2,2],"8":[1,1],"9":[0,1]},"_coverageSchema":"1a1c01bbd47fc00a2c39e90264f33305004495a9","hash":"d6a8a9068da4f55e4c457000ebf34cb4c6b19f60"}
}
