TN:
SF:index.js
FN:19,(anonymous_0)
FN:20,(anonymous_1)
FN:23,(anonymous_2)
FN:31,(anonymous_3)
FN:48,(anonymous_4)
FN:73,(anonymous_5)
FN:83,(anonymous_6)
FN:99,(anonymous_7)
FNF:8
FNH:7
FNDA:6,(anonymous_0)
FNDA:3,(anonymous_1)
FNDA:1,(anonymous_2)
FNDA:2,(anonymous_3)
FNDA:3,(anonymous_4)
FNDA:2,(anonymous_5)
FNDA:7,(anonymous_6)
FNDA:0,(anonymous_7)
DA:1,1
DA:2,1
DA:3,1
DA:4,1
DA:5,1
DA:7,1
DA:10,1
DA:11,0
DA:15,1
DA:16,1
DA:19,6
DA:20,3
DA:23,1
DA:24,1
DA:31,1
DA:32,2
DA:33,2
DA:34,2
DA:36,2
DA:37,1
DA:40,1
DA:42,0
DA:43,0
DA:48,1
DA:49,3
DA:50,3
DA:51,3
DA:53,3
DA:54,1
DA:57,2
DA:58,2
DA:59,2
DA:61,2
DA:62,2
DA:64,2
DA:65,2
DA:67,0
DA:68,0
DA:73,1
DA:74,2
DA:75,2
DA:76,2
DA:78,2
DA:79,0
DA:82,2
DA:83,7
DA:85,2
DA:86,1
DA:89,1
DA:90,1
DA:92,0
DA:93,0
DA:98,1
DA:99,0
DA:100,0
DA:104,1
LF:56
LH:46
BRDA:10,0,0,0
BRDA:10,0,1,1
BRDA:36,1,0,1
BRDA:36,1,1,1
BRDA:36,2,0,2
BRDA:36,2,1,1
BRDA:53,3,0,1
BRDA:53,3,1,2
BRDA:58,4,0,0
BRDA:58,4,1,2
BRDA:59,5,0,0
BRDA:59,5,1,2
BRDA:78,6,0,0
BRDA:78,6,1,2
BRDA:78,7,0,2
BRDA:78,7,1,2
BRDA:85,8,0,1
BRDA:85,8,1,1
BRDA:98,9,0,0
BRDA:98,9,1,1
BRF:20
BRH:15
end_of_record
